<?xml version="1.0" encoding="UTF-8"?>
<!-- Generated by org.testng.reporters.JUnitXMLReporter -->
<testsuite hostname="LAPTOP-ER1I82SI" name="Test" tests="1" failures="1" timestamp="26 May 2023 12:45:34 GMT" time="51.98" errors="0">
  <testcase name="reg" time="51.969" classname="com.register.login">
    <failure type="java.lang.ArrayIndexOutOfBoundsException" message="1">
      <![CDATA[java.lang.ArrayIndexOutOfBoundsException: 1
	at com.register.login.reg(login.java:57)
... Removed 28 stack frames]]>
    </failure>
  </testcase> <!-- reg -->
</testsuite> <!-- Test -->
